23:09:25 INFO  : Registering command handlers for SDK TCF services
23:09:26 INFO  : Launching XSCT server: xsct.bat -interactive D:\My_Project\ZYNQ\MIO_Key\MIO_Key.sdk\temp_xsdb_launch_script.tcl
23:09:28 INFO  : XSCT server has started successfully.
23:09:28 INFO  : Successfully done setting XSCT server connection channel  
23:09:28 INFO  : Successfully done setting SDK workspace  
23:09:28 INFO  : Processing command line option -hwspec D:/My_Project/ZYNQ/MIO_Key/MIO_Key.sdk/Key_wrapper.hdf.
23:31:10 INFO  : Connected to target on host '127.0.0.1' and port '3121'.
23:31:11 INFO  : Jtag cable 'Digilent JTAG-HS2 210241433911' is selected.
23:31:11 INFO  : 'jtag frequency' command is executed.
23:31:11 INFO  : Sourcing of 'D:/My_Project/ZYNQ/MIO_Key/MIO_Key.sdk/Key_wrapper_hw_platform_0/ps7_init.tcl' is done.
23:31:11 INFO  : Context for 'APU' is selected.
23:31:11 INFO  : Hardware design information is loaded from 'D:/My_Project/ZYNQ/MIO_Key/MIO_Key.sdk/Key_wrapper_hw_platform_0/system.hdf'.
23:31:11 INFO  : 'configparams force-mem-access 1' command is executed.
23:31:11 INFO  : Context for 'APU' is selected.
23:31:11 INFO  : 'stop' command is executed.
23:31:11 INFO  : 'ps7_init' command is executed.
23:31:11 INFO  : 'ps7_post_config' command is executed.
23:31:11 INFO  : Context for processor 'ps7_cortexa9_0' is selected.
23:31:11 INFO  : Processor reset is completed for 'ps7_cortexa9_0'.
23:31:11 INFO  : Context for processor 'ps7_cortexa9_0' is selected.
23:31:12 INFO  : The application 'D:/My_Project/ZYNQ/MIO_Key/MIO_Key.sdk/Mio_Key_Led/Debug/Mio_Key_Led.elf' is downloaded to processor 'ps7_cortexa9_0'.
23:31:12 INFO  : 'configparams force-mem-access 0' command is executed.
23:31:12 INFO  : ----------------XSDB Script----------------
connect -url tcp:127.0.0.1:3121
source D:/My_Project/ZYNQ/MIO_Key/MIO_Key.sdk/Key_wrapper_hw_platform_0/ps7_init.tcl
targets -set -nocase -filter {name =~"APU*" && jtag_cable_name =~ "Digilent JTAG-HS2 210241433911"} -index 0
loadhw -hw D:/My_Project/ZYNQ/MIO_Key/MIO_Key.sdk/Key_wrapper_hw_platform_0/system.hdf -mem-ranges [list {0x40000000 0xbfffffff}]
configparams force-mem-access 1
targets -set -nocase -filter {name =~"APU*" && jtag_cable_name =~ "Digilent JTAG-HS2 210241433911"} -index 0
stop
ps7_init
ps7_post_config
targets -set -nocase -filter {name =~ "ARM*#0" && jtag_cable_name =~ "Digilent JTAG-HS2 210241433911"} -index 0
rst -processor
targets -set -nocase -filter {name =~ "ARM*#0" && jtag_cable_name =~ "Digilent JTAG-HS2 210241433911"} -index 0
dow D:/My_Project/ZYNQ/MIO_Key/MIO_Key.sdk/Mio_Key_Led/Debug/Mio_Key_Led.elf
configparams force-mem-access 0
----------------End of Script----------------

23:31:12 INFO  : Context for processor 'ps7_cortexa9_0' is selected.
23:31:12 INFO  : 'con' command is executed.
23:31:12 INFO  : ----------------XSDB Script (After Launch)----------------
targets -set -nocase -filter {name =~ "ARM*#0" && jtag_cable_name =~ "Digilent JTAG-HS2 210241433911"} -index 0
con
----------------End of Script----------------

23:31:12 INFO  : Launch script is exported to file 'D:\My_Project\ZYNQ\MIO_Key\MIO_Key.sdk\.sdk\launch_scripts\xilinx_c-c++_application_(system_debugger)\system_debugger_using_debug_mio_key_led.elf_on_local.tcl'
23:32:11 INFO  : Disconnected from the channel tcfchan#1.
23:32:12 INFO  : Connected to target on host '127.0.0.1' and port '3121'.
23:32:12 INFO  : Jtag cable 'Digilent JTAG-HS2 210241433911' is selected.
23:32:12 INFO  : 'jtag frequency' command is executed.
23:32:12 INFO  : Sourcing of 'D:/My_Project/ZYNQ/MIO_Key/MIO_Key.sdk/Key_wrapper_hw_platform_0/ps7_init.tcl' is done.
23:32:12 INFO  : Context for 'APU' is selected.
23:32:13 INFO  : Hardware design information is loaded from 'D:/My_Project/ZYNQ/MIO_Key/MIO_Key.sdk/Key_wrapper_hw_platform_0/system.hdf'.
23:32:13 INFO  : 'configparams force-mem-access 1' command is executed.
23:32:13 INFO  : Context for 'APU' is selected.
23:32:13 INFO  : 'stop' command is executed.
23:32:13 INFO  : 'ps7_init' command is executed.
23:32:13 INFO  : 'ps7_post_config' command is executed.
23:32:13 INFO  : Context for processor 'ps7_cortexa9_0' is selected.
23:32:13 INFO  : Processor reset is completed for 'ps7_cortexa9_0'.
23:32:14 INFO  : Context for processor 'ps7_cortexa9_0' is selected.
23:32:14 INFO  : The application 'D:/My_Project/ZYNQ/MIO_Key/MIO_Key.sdk/Mio_Key_Led/Debug/Mio_Key_Led.elf' is downloaded to processor 'ps7_cortexa9_0'.
23:32:14 INFO  : 'configparams force-mem-access 0' command is executed.
23:32:14 INFO  : ----------------XSDB Script----------------
connect -url tcp:127.0.0.1:3121
source D:/My_Project/ZYNQ/MIO_Key/MIO_Key.sdk/Key_wrapper_hw_platform_0/ps7_init.tcl
targets -set -nocase -filter {name =~"APU*" && jtag_cable_name =~ "Digilent JTAG-HS2 210241433911"} -index 0
loadhw -hw D:/My_Project/ZYNQ/MIO_Key/MIO_Key.sdk/Key_wrapper_hw_platform_0/system.hdf -mem-ranges [list {0x40000000 0xbfffffff}]
configparams force-mem-access 1
targets -set -nocase -filter {name =~"APU*" && jtag_cable_name =~ "Digilent JTAG-HS2 210241433911"} -index 0
stop
ps7_init
ps7_post_config
targets -set -nocase -filter {name =~ "ARM*#0" && jtag_cable_name =~ "Digilent JTAG-HS2 210241433911"} -index 0
rst -processor
targets -set -nocase -filter {name =~ "ARM*#0" && jtag_cable_name =~ "Digilent JTAG-HS2 210241433911"} -index 0
dow D:/My_Project/ZYNQ/MIO_Key/MIO_Key.sdk/Mio_Key_Led/Debug/Mio_Key_Led.elf
configparams force-mem-access 0
----------------End of Script----------------

23:32:14 INFO  : Context for processor 'ps7_cortexa9_0' is selected.
23:32:14 INFO  : 'con' command is executed.
23:32:14 INFO  : ----------------XSDB Script (After Launch)----------------
targets -set -nocase -filter {name =~ "ARM*#0" && jtag_cable_name =~ "Digilent JTAG-HS2 210241433911"} -index 0
con
----------------End of Script----------------

23:32:14 INFO  : Launch script is exported to file 'D:\My_Project\ZYNQ\MIO_Key\MIO_Key.sdk\.sdk\launch_scripts\xilinx_c-c++_application_(system_debugger)\system_debugger_using_debug_mio_key_led.elf_on_local.tcl'
23:33:05 INFO  : Disconnected from the channel tcfchan#2.
17:49:45 INFO  : Registering command handlers for SDK TCF services
17:49:45 INFO  : Launching XSCT server: xsct.bat -interactive D:\My_Project\ZYNQ\MIO_Key\MIO_Key.sdk\temp_xsdb_launch_script.tcl
17:49:47 INFO  : XSCT server has started successfully.
17:49:47 INFO  : Successfully done setting XSCT server connection channel  
17:49:47 INFO  : Successfully done setting SDK workspace  
17:49:47 INFO  : Processing command line option -hwspec D:/My_Project/ZYNQ/MIO_Key/MIO_Key.sdk/Key_wrapper.hdf.
17:49:47 INFO  : Checking for hwspec changes in the project Key_wrapper_hw_platform_0.
17:49:49 INFO  : SDK has detected change in the last modified timestamps for source hardware specification file Source:1781257773334,  Project:1781190554435
17:49:49 INFO  : The hardware specification for project 'Key_wrapper_hw_platform_0' is different from D:/My_Project/ZYNQ/MIO_Key/MIO_Key.sdk/Key_wrapper.hdf.
17:49:49 INFO  : Copied contents of D:/My_Project/ZYNQ/MIO_Key/MIO_Key.sdk/Key_wrapper.hdf into \Key_wrapper_hw_platform_0\system.hdf.
17:49:51 INFO  : Synchronizing projects in the workspace with the hardware platform specification changes.
17:49:53 INFO  : 
17:49:53 INFO  : Updating hardware inferred compiler options for Mio_Key_Led.
17:49:53 INFO  : Clearing existing target manager status.
17:51:28 INFO  : Connected to target on host '127.0.0.1' and port '3121'.
17:51:29 INFO  : Jtag cable 'Digilent JTAG-HS2 210241433911' is selected.
17:51:29 INFO  : 'jtag frequency' command is executed.
17:51:29 INFO  : Sourcing of 'D:/My_Project/ZYNQ/MIO_Key/MIO_Key.sdk/Key_wrapper_hw_platform_0/ps7_init.tcl' is done.
17:51:29 INFO  : Context for 'APU' is selected.
17:51:29 INFO  : Hardware design information is loaded from 'D:/My_Project/ZYNQ/MIO_Key/MIO_Key.sdk/Key_wrapper_hw_platform_0/system.hdf'.
17:51:29 INFO  : 'configparams force-mem-access 1' command is executed.
17:51:29 INFO  : Context for 'APU' is selected.
17:51:29 INFO  : 'stop' command is executed.
17:51:29 INFO  : 'ps7_init' command is executed.
17:51:29 INFO  : 'ps7_post_config' command is executed.
17:51:29 INFO  : Context for processor 'ps7_cortexa9_0' is selected.
17:51:29 INFO  : Processor reset is completed for 'ps7_cortexa9_0'.
17:51:29 INFO  : Context for processor 'ps7_cortexa9_0' is selected.
17:51:29 INFO  : The application 'D:/My_Project/ZYNQ/MIO_Key/MIO_Key.sdk/Mio_Key/Debug/Mio_Key.elf' is downloaded to processor 'ps7_cortexa9_0'.
17:51:29 INFO  : 'configparams force-mem-access 0' command is executed.
17:51:29 INFO  : ----------------XSDB Script----------------
connect -url tcp:127.0.0.1:3121
source D:/My_Project/ZYNQ/MIO_Key/MIO_Key.sdk/Key_wrapper_hw_platform_0/ps7_init.tcl
targets -set -nocase -filter {name =~"APU*" && jtag_cable_name =~ "Digilent JTAG-HS2 210241433911"} -index 0
loadhw -hw D:/My_Project/ZYNQ/MIO_Key/MIO_Key.sdk/Key_wrapper_hw_platform_0/system.hdf -mem-ranges [list {0x40000000 0xbfffffff}]
configparams force-mem-access 1
targets -set -nocase -filter {name =~"APU*" && jtag_cable_name =~ "Digilent JTAG-HS2 210241433911"} -index 0
stop
ps7_init
ps7_post_config
targets -set -nocase -filter {name =~ "ARM*#0" && jtag_cable_name =~ "Digilent JTAG-HS2 210241433911"} -index 0
rst -processor
targets -set -nocase -filter {name =~ "ARM*#0" && jtag_cable_name =~ "Digilent JTAG-HS2 210241433911"} -index 0
dow D:/My_Project/ZYNQ/MIO_Key/MIO_Key.sdk/Mio_Key/Debug/Mio_Key.elf
configparams force-mem-access 0
----------------End of Script----------------

17:51:29 INFO  : Context for processor 'ps7_cortexa9_0' is selected.
17:51:29 INFO  : 'con' command is executed.
17:51:29 INFO  : ----------------XSDB Script (After Launch)----------------
targets -set -nocase -filter {name =~ "ARM*#0" && jtag_cable_name =~ "Digilent JTAG-HS2 210241433911"} -index 0
con
----------------End of Script----------------

17:51:29 INFO  : Launch script is exported to file 'D:\My_Project\ZYNQ\MIO_Key\MIO_Key.sdk\.sdk\launch_scripts\xilinx_c-c++_application_(system_debugger)\system_debugger_using_debug_mio_key.elf_on_local.tcl'
17:52:10 INFO  : Disconnected from the channel tcfchan#1.
17:52:11 INFO  : Connected to target on host '127.0.0.1' and port '3121'.
17:52:11 INFO  : Jtag cable 'Digilent JTAG-HS2 210241433911' is selected.
17:52:11 INFO  : 'jtag frequency' command is executed.
17:52:11 INFO  : Sourcing of 'D:/My_Project/ZYNQ/MIO_Key/MIO_Key.sdk/Key_wrapper_hw_platform_0/ps7_init.tcl' is done.
17:52:11 INFO  : Context for 'APU' is selected.
17:52:11 INFO  : Hardware design information is loaded from 'D:/My_Project/ZYNQ/MIO_Key/MIO_Key.sdk/Key_wrapper_hw_platform_0/system.hdf'.
17:52:11 INFO  : 'configparams force-mem-access 1' command is executed.
17:52:11 INFO  : Context for 'APU' is selected.
17:52:12 INFO  : 'stop' command is executed.
17:52:12 INFO  : 'ps7_init' command is executed.
17:52:12 INFO  : 'ps7_post_config' command is executed.
17:52:12 INFO  : Context for processor 'ps7_cortexa9_0' is selected.
17:52:12 INFO  : Processor reset is completed for 'ps7_cortexa9_0'.
17:52:12 INFO  : Context for processor 'ps7_cortexa9_0' is selected.
17:52:12 INFO  : The application 'D:/My_Project/ZYNQ/MIO_Key/MIO_Key.sdk/Mio_Key/Debug/Mio_Key.elf' is downloaded to processor 'ps7_cortexa9_0'.
17:52:12 INFO  : 'configparams force-mem-access 0' command is executed.
17:52:12 INFO  : ----------------XSDB Script----------------
connect -url tcp:127.0.0.1:3121
source D:/My_Project/ZYNQ/MIO_Key/MIO_Key.sdk/Key_wrapper_hw_platform_0/ps7_init.tcl
targets -set -nocase -filter {name =~"APU*" && jtag_cable_name =~ "Digilent JTAG-HS2 210241433911"} -index 0
loadhw -hw D:/My_Project/ZYNQ/MIO_Key/MIO_Key.sdk/Key_wrapper_hw_platform_0/system.hdf -mem-ranges [list {0x40000000 0xbfffffff}]
configparams force-mem-access 1
targets -set -nocase -filter {name =~"APU*" && jtag_cable_name =~ "Digilent JTAG-HS2 210241433911"} -index 0
stop
ps7_init
ps7_post_config
targets -set -nocase -filter {name =~ "ARM*#0" && jtag_cable_name =~ "Digilent JTAG-HS2 210241433911"} -index 0
rst -processor
targets -set -nocase -filter {name =~ "ARM*#0" && jtag_cable_name =~ "Digilent JTAG-HS2 210241433911"} -index 0
dow D:/My_Project/ZYNQ/MIO_Key/MIO_Key.sdk/Mio_Key/Debug/Mio_Key.elf
configparams force-mem-access 0
----------------End of Script----------------

17:52:12 INFO  : Context for processor 'ps7_cortexa9_0' is selected.
17:52:12 INFO  : 'con' command is executed.
17:52:12 INFO  : ----------------XSDB Script (After Launch)----------------
targets -set -nocase -filter {name =~ "ARM*#0" && jtag_cable_name =~ "Digilent JTAG-HS2 210241433911"} -index 0
con
----------------End of Script----------------

17:52:12 INFO  : Launch script is exported to file 'D:\My_Project\ZYNQ\MIO_Key\MIO_Key.sdk\.sdk\launch_scripts\xilinx_c-c++_application_(system_debugger)\system_debugger_using_debug_mio_key.elf_on_local.tcl'
17:55:52 INFO  : Disconnected from the channel tcfchan#2.
18:05:18 INFO  : Registering command handlers for SDK TCF services
18:05:19 INFO  : Launching XSCT server: xsct.bat -interactive D:\My_Project\ZYNQ\MIO_Key\MIO_Key.sdk\temp_xsdb_launch_script.tcl
18:05:21 INFO  : XSCT server has started successfully.
18:05:21 INFO  : Successfully done setting XSCT server connection channel  
18:05:21 INFO  : Successfully done setting SDK workspace  
18:05:21 INFO  : Processing command line option -hwspec D:/My_Project/ZYNQ/MIO_Key/MIO_Key.sdk/Key_wrapper.hdf.
18:05:21 INFO  : Checking for hwspec changes in the project Key_wrapper_hw_platform_0.
18:07:11 INFO  : Connected to target on host '127.0.0.1' and port '3121'.
18:07:11 INFO  : Connected to target on host '127.0.0.1' and port '3121'.
18:07:12 INFO  : Jtag cable 'Digilent JTAG-HS2 210241433911' is selected.
18:07:12 INFO  : Jtag cable 'Digilent JTAG-HS2 210241433911' is selected.
18:07:12 INFO  : 'jtag frequency' command is executed.
18:07:12 INFO  : 'jtag frequency' command is executed.
18:07:12 INFO  : Sourcing of 'D:/My_Project/ZYNQ/MIO_Key/MIO_Key.sdk/Key_wrapper_hw_platform_0/ps7_init.tcl' is done.
18:07:12 INFO  : Sourcing of 'D:/My_Project/ZYNQ/MIO_Key/MIO_Key.sdk/Key_wrapper_hw_platform_0/ps7_init.tcl' is done.
18:07:12 INFO  : Context for 'APU' is selected.
18:07:12 INFO  : Context for 'APU' is selected.
18:07:12 INFO  : Hardware design information is loaded from 'D:/My_Project/ZYNQ/MIO_Key/MIO_Key.sdk/Key_wrapper_hw_platform_0/system.hdf'.
18:07:12 INFO  : Hardware design information is loaded from 'D:/My_Project/ZYNQ/MIO_Key/MIO_Key.sdk/Key_wrapper_hw_platform_0/system.hdf'.
18:07:12 INFO  : 'configparams force-mem-access 1' command is executed.
18:07:12 INFO  : 'configparams force-mem-access 1' command is executed.
18:07:12 INFO  : Context for 'APU' is selected.
18:07:12 INFO  : Context for 'APU' is selected.
18:07:12 INFO  : 'stop' command is executed.
18:07:12 INFO  : 'stop' command is executed.
18:07:12 INFO  : 'ps7_init' command is executed.
18:07:12 INFO  : Connected to target on host '127.0.0.1' and port '3121'.
18:07:12 INFO  : 'ps7_init' command is executed.
18:07:12 INFO  : 'ps7_post_config' command is executed.
18:07:12 INFO  : 'ps7_post_config' command is executed.
18:07:12 INFO  : Context for processor 'ps7_cortexa9_0' is selected.
18:07:12 INFO  : Context for processor 'ps7_cortexa9_0' is selected.
18:07:12 INFO  : Processor reset is completed for 'ps7_cortexa9_0'.
18:07:12 INFO  : Processor reset is completed for 'ps7_cortexa9_0'.
18:07:12 INFO  : Context for processor 'ps7_cortexa9_0' is selected.
18:07:13 INFO  : Context for processor 'ps7_cortexa9_0' is selected.
18:07:13 INFO  : The application 'D:/My_Project/ZYNQ/MIO_Key/MIO_Key.sdk/Mio_Key/Debug/Mio_Key.elf' is downloaded to processor 'ps7_cortexa9_0'.
18:07:13 INFO  : The application 'D:/My_Project/ZYNQ/MIO_Key/MIO_Key.sdk/Mio_Key/Debug/Mio_Key.elf' is downloaded to processor 'ps7_cortexa9_0'.
18:07:13 INFO  : 'configparams force-mem-access 0' command is executed.
18:07:13 INFO  : ----------------XSDB Script----------------
connect -url tcp:127.0.0.1:3121
source D:/My_Project/ZYNQ/MIO_Key/MIO_Key.sdk/Key_wrapper_hw_platform_0/ps7_init.tcl
targets -set -nocase -filter {name =~"APU*" && jtag_cable_name =~ "Digilent JTAG-HS2 210241433911"} -index 0
loadhw -hw D:/My_Project/ZYNQ/MIO_Key/MIO_Key.sdk/Key_wrapper_hw_platform_0/system.hdf -mem-ranges [list {0x40000000 0xbfffffff}]
configparams force-mem-access 1
targets -set -nocase -filter {name =~"APU*" && jtag_cable_name =~ "Digilent JTAG-HS2 210241433911"} -index 0
stop
ps7_init
ps7_post_config
targets -set -nocase -filter {name =~ "ARM*#0" && jtag_cable_name =~ "Digilent JTAG-HS2 210241433911"} -index 0
rst -processor
targets -set -nocase -filter {name =~ "ARM*#0" && jtag_cable_name =~ "Digilent JTAG-HS2 210241433911"} -index 0
dow D:/My_Project/ZYNQ/MIO_Key/MIO_Key.sdk/Mio_Key/Debug/Mio_Key.elf
configparams force-mem-access 0
----------------End of Script----------------

18:07:13 INFO  : 'configparams force-mem-access 0' command is executed.
18:07:13 INFO  : ----------------XSDB Script----------------
connect -url tcp:127.0.0.1:3121
source D:/My_Project/ZYNQ/MIO_Key/MIO_Key.sdk/Key_wrapper_hw_platform_0/ps7_init.tcl
targets -set -nocase -filter {name =~"APU*" && jtag_cable_name =~ "Digilent JTAG-HS2 210241433911"} -index 0
loadhw -hw D:/My_Project/ZYNQ/MIO_Key/MIO_Key.sdk/Key_wrapper_hw_platform_0/system.hdf -mem-ranges [list {0x40000000 0xbfffffff}]
configparams force-mem-access 1
targets -set -nocase -filter {name =~"APU*" && jtag_cable_name =~ "Digilent JTAG-HS2 210241433911"} -index 0
stop
ps7_init
ps7_post_config
targets -set -nocase -filter {name =~ "ARM*#0" && jtag_cable_name =~ "Digilent JTAG-HS2 210241433911"} -index 0
rst -processor
targets -set -nocase -filter {name =~ "ARM*#0" && jtag_cable_name =~ "Digilent JTAG-HS2 210241433911"} -index 0
dow D:/My_Project/ZYNQ/MIO_Key/MIO_Key.sdk/Mio_Key/Debug/Mio_Key.elf
configparams force-mem-access 0
----------------End of Script----------------

18:07:13 INFO  : Context for processor 'ps7_cortexa9_0' is selected.
18:07:13 INFO  : Context for processor 'ps7_cortexa9_0' is selected.
18:07:13 INFO  : 'con' command is executed.
18:07:13 INFO  : ----------------XSDB Script (After Launch)----------------
targets -set -nocase -filter {name =~ "ARM*#0" && jtag_cable_name =~ "Digilent JTAG-HS2 210241433911"} -index 0
con
----------------End of Script----------------

18:07:13 INFO  : Launch script is exported to file 'D:\My_Project\ZYNQ\MIO_Key\MIO_Key.sdk\.sdk\launch_scripts\xilinx_c-c++_application_(system_debugger)\system_debugger_using_debug_mio_key.elf_on_local.tcl'
18:07:13 ERROR : Already running
18:07:13 INFO  : Jtag cable 'Digilent JTAG-HS2 210241433911' is selected.
18:07:13 INFO  : 'jtag frequency' command is executed.
18:07:13 INFO  : Sourcing of 'D:/My_Project/ZYNQ/MIO_Key/MIO_Key.sdk/Key_wrapper_hw_platform_0/ps7_init.tcl' is done.
18:07:13 INFO  : Context for 'APU' is selected.
18:07:13 INFO  : Hardware design information is loaded from 'D:/My_Project/ZYNQ/MIO_Key/MIO_Key.sdk/Key_wrapper_hw_platform_0/system.hdf'.
18:07:13 INFO  : 'configparams force-mem-access 1' command is executed.
18:07:13 INFO  : Context for 'APU' is selected.
18:07:13 INFO  : 'stop' command is executed.
18:07:13 INFO  : 'ps7_init' command is executed.
18:07:13 INFO  : 'ps7_post_config' command is executed.
18:07:13 INFO  : Context for processor 'ps7_cortexa9_0' is selected.
18:07:14 INFO  : Processor reset is completed for 'ps7_cortexa9_0'.
18:07:14 INFO  : Context for processor 'ps7_cortexa9_0' is selected.
18:07:14 INFO  : The application 'D:/My_Project/ZYNQ/MIO_Key/MIO_Key.sdk/Mio_Key/Debug/Mio_Key.elf' is downloaded to processor 'ps7_cortexa9_0'.
18:07:14 INFO  : 'configparams force-mem-access 0' command is executed.
18:07:14 INFO  : ----------------XSDB Script----------------
connect -url tcp:127.0.0.1:3121
source D:/My_Project/ZYNQ/MIO_Key/MIO_Key.sdk/Key_wrapper_hw_platform_0/ps7_init.tcl
targets -set -nocase -filter {name =~"APU*" && jtag_cable_name =~ "Digilent JTAG-HS2 210241433911"} -index 0
loadhw -hw D:/My_Project/ZYNQ/MIO_Key/MIO_Key.sdk/Key_wrapper_hw_platform_0/system.hdf -mem-ranges [list {0x40000000 0xbfffffff}]
configparams force-mem-access 1
targets -set -nocase -filter {name =~"APU*" && jtag_cable_name =~ "Digilent JTAG-HS2 210241433911"} -index 0
stop
ps7_init
ps7_post_config
targets -set -nocase -filter {name =~ "ARM*#0" && jtag_cable_name =~ "Digilent JTAG-HS2 210241433911"} -index 0
rst -processor
targets -set -nocase -filter {name =~ "ARM*#0" && jtag_cable_name =~ "Digilent JTAG-HS2 210241433911"} -index 0
dow D:/My_Project/ZYNQ/MIO_Key/MIO_Key.sdk/Mio_Key/Debug/Mio_Key.elf
configparams force-mem-access 0
----------------End of Script----------------

18:07:14 INFO  : Context for processor 'ps7_cortexa9_0' is selected.
18:07:14 INFO  : 'con' command is executed.
18:07:14 INFO  : ----------------XSDB Script (After Launch)----------------
targets -set -nocase -filter {name =~ "ARM*#0" && jtag_cable_name =~ "Digilent JTAG-HS2 210241433911"} -index 0
con
----------------End of Script----------------

18:07:14 INFO  : Launch script is exported to file 'D:\My_Project\ZYNQ\MIO_Key\MIO_Key.sdk\.sdk\launch_scripts\xilinx_c-c++_application_(system_debugger)\system_debugger_using_debug_mio_key.elf_on_local.tcl'
18:07:56 INFO  : Disconnected from the channel tcfchan#1.
18:07:57 INFO  : Connected to target on host '127.0.0.1' and port '3121'.
18:07:57 INFO  : Jtag cable 'Digilent JTAG-HS2 210241433911' is selected.
18:07:57 INFO  : 'jtag frequency' command is executed.
18:07:57 INFO  : Sourcing of 'D:/My_Project/ZYNQ/MIO_Key/MIO_Key.sdk/Key_wrapper_hw_platform_0/ps7_init.tcl' is done.
18:07:57 INFO  : Context for 'APU' is selected.
18:07:57 INFO  : Hardware design information is loaded from 'D:/My_Project/ZYNQ/MIO_Key/MIO_Key.sdk/Key_wrapper_hw_platform_0/system.hdf'.
18:07:57 INFO  : 'configparams force-mem-access 1' command is executed.
18:07:57 INFO  : Context for 'APU' is selected.
18:07:57 INFO  : 'stop' command is executed.
18:07:58 INFO  : 'ps7_init' command is executed.
18:07:58 INFO  : 'ps7_post_config' command is executed.
18:07:58 INFO  : Context for processor 'ps7_cortexa9_0' is selected.
18:07:58 INFO  : Processor reset is completed for 'ps7_cortexa9_0'.
18:07:58 INFO  : Context for processor 'ps7_cortexa9_0' is selected.
18:07:58 INFO  : The application 'D:/My_Project/ZYNQ/MIO_Key/MIO_Key.sdk/Mio_Key/Debug/Mio_Key.elf' is downloaded to processor 'ps7_cortexa9_0'.
18:07:58 INFO  : 'configparams force-mem-access 0' command is executed.
18:07:58 INFO  : ----------------XSDB Script----------------
connect -url tcp:127.0.0.1:3121
source D:/My_Project/ZYNQ/MIO_Key/MIO_Key.sdk/Key_wrapper_hw_platform_0/ps7_init.tcl
targets -set -nocase -filter {name =~"APU*" && jtag_cable_name =~ "Digilent JTAG-HS2 210241433911"} -index 0
loadhw -hw D:/My_Project/ZYNQ/MIO_Key/MIO_Key.sdk/Key_wrapper_hw_platform_0/system.hdf -mem-ranges [list {0x40000000 0xbfffffff}]
configparams force-mem-access 1
targets -set -nocase -filter {name =~"APU*" && jtag_cable_name =~ "Digilent JTAG-HS2 210241433911"} -index 0
stop
ps7_init
ps7_post_config
targets -set -nocase -filter {name =~ "ARM*#0" && jtag_cable_name =~ "Digilent JTAG-HS2 210241433911"} -index 0
rst -processor
targets -set -nocase -filter {name =~ "ARM*#0" && jtag_cable_name =~ "Digilent JTAG-HS2 210241433911"} -index 0
dow D:/My_Project/ZYNQ/MIO_Key/MIO_Key.sdk/Mio_Key/Debug/Mio_Key.elf
configparams force-mem-access 0
----------------End of Script----------------

18:07:58 INFO  : Context for processor 'ps7_cortexa9_0' is selected.
18:07:58 INFO  : 'con' command is executed.
18:07:58 INFO  : ----------------XSDB Script (After Launch)----------------
targets -set -nocase -filter {name =~ "ARM*#0" && jtag_cable_name =~ "Digilent JTAG-HS2 210241433911"} -index 0
con
----------------End of Script----------------

18:07:58 INFO  : Launch script is exported to file 'D:\My_Project\ZYNQ\MIO_Key\MIO_Key.sdk\.sdk\launch_scripts\xilinx_c-c++_application_(system_debugger)\system_debugger_using_debug_mio_key.elf_on_local.tcl'
18:11:07 INFO  : Disconnected from the channel tcfchan#2.
18:11:08 INFO  : Connected to target on host '127.0.0.1' and port '3121'.
18:11:08 INFO  : Jtag cable 'Digilent JTAG-HS2 210241433911' is selected.
18:11:08 INFO  : 'jtag frequency' command is executed.
18:11:08 INFO  : Sourcing of 'D:/My_Project/ZYNQ/MIO_Key/MIO_Key.sdk/Key_wrapper_hw_platform_0/ps7_init.tcl' is done.
18:11:08 INFO  : Context for 'APU' is selected.
18:11:09 INFO  : Hardware design information is loaded from 'D:/My_Project/ZYNQ/MIO_Key/MIO_Key.sdk/Key_wrapper_hw_platform_0/system.hdf'.
18:11:09 INFO  : 'configparams force-mem-access 1' command is executed.
18:11:09 INFO  : Context for 'APU' is selected.
18:11:09 INFO  : 'stop' command is executed.
18:11:09 INFO  : 'ps7_init' command is executed.
18:11:09 INFO  : 'ps7_post_config' command is executed.
18:11:09 INFO  : Context for processor 'ps7_cortexa9_0' is selected.
18:11:09 INFO  : Processor reset is completed for 'ps7_cortexa9_0'.
18:11:09 INFO  : Context for processor 'ps7_cortexa9_0' is selected.
18:11:09 INFO  : The application 'D:/My_Project/ZYNQ/MIO_Key/MIO_Key.sdk/Mio_Key/Debug/Mio_Key.elf' is downloaded to processor 'ps7_cortexa9_0'.
18:11:09 INFO  : 'configparams force-mem-access 0' command is executed.
18:11:09 INFO  : ----------------XSDB Script----------------
connect -url tcp:127.0.0.1:3121
source D:/My_Project/ZYNQ/MIO_Key/MIO_Key.sdk/Key_wrapper_hw_platform_0/ps7_init.tcl
targets -set -nocase -filter {name =~"APU*" && jtag_cable_name =~ "Digilent JTAG-HS2 210241433911"} -index 0
loadhw -hw D:/My_Project/ZYNQ/MIO_Key/MIO_Key.sdk/Key_wrapper_hw_platform_0/system.hdf -mem-ranges [list {0x40000000 0xbfffffff}]
configparams force-mem-access 1
targets -set -nocase -filter {name =~"APU*" && jtag_cable_name =~ "Digilent JTAG-HS2 210241433911"} -index 0
stop
ps7_init
ps7_post_config
targets -set -nocase -filter {name =~ "ARM*#0" && jtag_cable_name =~ "Digilent JTAG-HS2 210241433911"} -index 0
rst -processor
targets -set -nocase -filter {name =~ "ARM*#0" && jtag_cable_name =~ "Digilent JTAG-HS2 210241433911"} -index 0
dow D:/My_Project/ZYNQ/MIO_Key/MIO_Key.sdk/Mio_Key/Debug/Mio_Key.elf
configparams force-mem-access 0
----------------End of Script----------------

18:11:09 INFO  : Context for processor 'ps7_cortexa9_0' is selected.
18:11:09 INFO  : 'con' command is executed.
18:11:09 INFO  : ----------------XSDB Script (After Launch)----------------
targets -set -nocase -filter {name =~ "ARM*#0" && jtag_cable_name =~ "Digilent JTAG-HS2 210241433911"} -index 0
con
----------------End of Script----------------

18:11:09 INFO  : Launch script is exported to file 'D:\My_Project\ZYNQ\MIO_Key\MIO_Key.sdk\.sdk\launch_scripts\xilinx_c-c++_application_(system_debugger)\system_debugger_using_debug_mio_key.elf_on_local.tcl'
18:11:28 INFO  : Disconnected from the channel tcfchan#3.
18:11:29 INFO  : Connected to target on host '127.0.0.1' and port '3121'.
18:11:29 INFO  : Jtag cable 'Digilent JTAG-HS2 210241433911' is selected.
18:11:29 INFO  : 'jtag frequency' command is executed.
18:11:29 INFO  : Sourcing of 'D:/My_Project/ZYNQ/MIO_Key/MIO_Key.sdk/Key_wrapper_hw_platform_0/ps7_init.tcl' is done.
18:11:29 INFO  : Context for 'APU' is selected.
18:11:30 INFO  : Hardware design information is loaded from 'D:/My_Project/ZYNQ/MIO_Key/MIO_Key.sdk/Key_wrapper_hw_platform_0/system.hdf'.
18:11:30 INFO  : 'configparams force-mem-access 1' command is executed.
18:11:30 INFO  : Context for 'APU' is selected.
18:11:30 INFO  : 'stop' command is executed.
18:11:30 INFO  : 'ps7_init' command is executed.
18:11:30 INFO  : 'ps7_post_config' command is executed.
18:11:30 INFO  : Context for processor 'ps7_cortexa9_0' is selected.
18:11:30 INFO  : Processor reset is completed for 'ps7_cortexa9_0'.
18:11:30 INFO  : Context for processor 'ps7_cortexa9_0' is selected.
18:11:30 INFO  : The application 'D:/My_Project/ZYNQ/MIO_Key/MIO_Key.sdk/Mio_Key/Debug/Mio_Key.elf' is downloaded to processor 'ps7_cortexa9_0'.
18:11:30 INFO  : 'configparams force-mem-access 0' command is executed.
18:11:30 INFO  : ----------------XSDB Script----------------
connect -url tcp:127.0.0.1:3121
source D:/My_Project/ZYNQ/MIO_Key/MIO_Key.sdk/Key_wrapper_hw_platform_0/ps7_init.tcl
targets -set -nocase -filter {name =~"APU*" && jtag_cable_name =~ "Digilent JTAG-HS2 210241433911"} -index 0
loadhw -hw D:/My_Project/ZYNQ/MIO_Key/MIO_Key.sdk/Key_wrapper_hw_platform_0/system.hdf -mem-ranges [list {0x40000000 0xbfffffff}]
configparams force-mem-access 1
targets -set -nocase -filter {name =~"APU*" && jtag_cable_name =~ "Digilent JTAG-HS2 210241433911"} -index 0
stop
ps7_init
ps7_post_config
targets -set -nocase -filter {name =~ "ARM*#0" && jtag_cable_name =~ "Digilent JTAG-HS2 210241433911"} -index 0
rst -processor
targets -set -nocase -filter {name =~ "ARM*#0" && jtag_cable_name =~ "Digilent JTAG-HS2 210241433911"} -index 0
dow D:/My_Project/ZYNQ/MIO_Key/MIO_Key.sdk/Mio_Key/Debug/Mio_Key.elf
configparams force-mem-access 0
----------------End of Script----------------

18:11:30 INFO  : Context for processor 'ps7_cortexa9_0' is selected.
18:11:30 INFO  : 'con' command is executed.
18:11:30 INFO  : ----------------XSDB Script (After Launch)----------------
targets -set -nocase -filter {name =~ "ARM*#0" && jtag_cable_name =~ "Digilent JTAG-HS2 210241433911"} -index 0
con
----------------End of Script----------------

18:11:30 INFO  : Launch script is exported to file 'D:\My_Project\ZYNQ\MIO_Key\MIO_Key.sdk\.sdk\launch_scripts\xilinx_c-c++_application_(system_debugger)\system_debugger_using_debug_mio_key.elf_on_local.tcl'
18:11:31 INFO  : Connected to target on host '127.0.0.1' and port '3121'.
18:11:31 INFO  : Jtag cable 'Digilent JTAG-HS2 210241433911' is selected.
18:11:31 INFO  : 'jtag frequency' command is executed.
18:11:31 INFO  : Sourcing of 'D:/My_Project/ZYNQ/MIO_Key/MIO_Key.sdk/Key_wrapper_hw_platform_0/ps7_init.tcl' is done.
18:11:31 INFO  : Context for 'APU' is selected.
18:11:31 INFO  : Hardware design information is loaded from 'D:/My_Project/ZYNQ/MIO_Key/MIO_Key.sdk/Key_wrapper_hw_platform_0/system.hdf'.
18:11:31 INFO  : 'configparams force-mem-access 1' command is executed.
18:11:31 INFO  : Context for 'APU' is selected.
18:11:31 INFO  : 'stop' command is executed.
18:11:32 INFO  : 'ps7_init' command is executed.
18:11:32 INFO  : 'ps7_post_config' command is executed.
18:11:32 INFO  : Context for processor 'ps7_cortexa9_0' is selected.
18:11:32 INFO  : Processor reset is completed for 'ps7_cortexa9_0'.
18:11:32 INFO  : Context for processor 'ps7_cortexa9_0' is selected.
18:11:32 INFO  : The application 'D:/My_Project/ZYNQ/MIO_Key/MIO_Key.sdk/Mio_Key/Debug/Mio_Key.elf' is downloaded to processor 'ps7_cortexa9_0'.
18:11:32 INFO  : 'configparams force-mem-access 0' command is executed.
18:11:32 INFO  : ----------------XSDB Script----------------
connect -url tcp:127.0.0.1:3121
source D:/My_Project/ZYNQ/MIO_Key/MIO_Key.sdk/Key_wrapper_hw_platform_0/ps7_init.tcl
targets -set -nocase -filter {name =~"APU*" && jtag_cable_name =~ "Digilent JTAG-HS2 210241433911"} -index 0
loadhw -hw D:/My_Project/ZYNQ/MIO_Key/MIO_Key.sdk/Key_wrapper_hw_platform_0/system.hdf -mem-ranges [list {0x40000000 0xbfffffff}]
configparams force-mem-access 1
targets -set -nocase -filter {name =~"APU*" && jtag_cable_name =~ "Digilent JTAG-HS2 210241433911"} -index 0
stop
ps7_init
ps7_post_config
targets -set -nocase -filter {name =~ "ARM*#0" && jtag_cable_name =~ "Digilent JTAG-HS2 210241433911"} -index 0
rst -processor
targets -set -nocase -filter {name =~ "ARM*#0" && jtag_cable_name =~ "Digilent JTAG-HS2 210241433911"} -index 0
dow D:/My_Project/ZYNQ/MIO_Key/MIO_Key.sdk/Mio_Key/Debug/Mio_Key.elf
configparams force-mem-access 0
----------------End of Script----------------

18:11:32 INFO  : Context for processor 'ps7_cortexa9_0' is selected.
18:11:32 INFO  : 'con' command is executed.
18:11:32 INFO  : ----------------XSDB Script (After Launch)----------------
targets -set -nocase -filter {name =~ "ARM*#0" && jtag_cable_name =~ "Digilent JTAG-HS2 210241433911"} -index 0
con
----------------End of Script----------------

18:11:32 INFO  : Launch script is exported to file 'D:\My_Project\ZYNQ\MIO_Key\MIO_Key.sdk\.sdk\launch_scripts\xilinx_c-c++_application_(system_debugger)\system_debugger_using_debug_mio_key.elf_on_local.tcl'
18:12:16 INFO  : Disconnected from the channel tcfchan#4.
18:12:17 INFO  : Connected to target on host '127.0.0.1' and port '3121'.
18:12:17 INFO  : Jtag cable 'Digilent JTAG-HS2 210241433911' is selected.
18:12:17 INFO  : 'jtag frequency' command is executed.
18:12:17 INFO  : Sourcing of 'D:/My_Project/ZYNQ/MIO_Key/MIO_Key.sdk/Key_wrapper_hw_platform_0/ps7_init.tcl' is done.
18:12:17 INFO  : Context for 'APU' is selected.
18:12:18 INFO  : Hardware design information is loaded from 'D:/My_Project/ZYNQ/MIO_Key/MIO_Key.sdk/Key_wrapper_hw_platform_0/system.hdf'.
18:12:18 INFO  : 'configparams force-mem-access 1' command is executed.
18:12:18 INFO  : Context for 'APU' is selected.
18:12:18 INFO  : 'stop' command is executed.
18:12:18 INFO  : 'ps7_init' command is executed.
18:12:18 INFO  : 'ps7_post_config' command is executed.
18:12:18 INFO  : Context for processor 'ps7_cortexa9_0' is selected.
18:12:18 INFO  : Processor reset is completed for 'ps7_cortexa9_0'.
18:12:18 INFO  : Context for processor 'ps7_cortexa9_0' is selected.
18:12:18 INFO  : The application 'D:/My_Project/ZYNQ/MIO_Key/MIO_Key.sdk/Mio_Key/Debug/Mio_Key.elf' is downloaded to processor 'ps7_cortexa9_0'.
18:12:18 INFO  : 'configparams force-mem-access 0' command is executed.
18:12:18 INFO  : ----------------XSDB Script----------------
connect -url tcp:127.0.0.1:3121
source D:/My_Project/ZYNQ/MIO_Key/MIO_Key.sdk/Key_wrapper_hw_platform_0/ps7_init.tcl
targets -set -nocase -filter {name =~"APU*" && jtag_cable_name =~ "Digilent JTAG-HS2 210241433911"} -index 0
loadhw -hw D:/My_Project/ZYNQ/MIO_Key/MIO_Key.sdk/Key_wrapper_hw_platform_0/system.hdf -mem-ranges [list {0x40000000 0xbfffffff}]
configparams force-mem-access 1
targets -set -nocase -filter {name =~"APU*" && jtag_cable_name =~ "Digilent JTAG-HS2 210241433911"} -index 0
stop
ps7_init
ps7_post_config
targets -set -nocase -filter {name =~ "ARM*#0" && jtag_cable_name =~ "Digilent JTAG-HS2 210241433911"} -index 0
rst -processor
targets -set -nocase -filter {name =~ "ARM*#0" && jtag_cable_name =~ "Digilent JTAG-HS2 210241433911"} -index 0
dow D:/My_Project/ZYNQ/MIO_Key/MIO_Key.sdk/Mio_Key/Debug/Mio_Key.elf
configparams force-mem-access 0
----------------End of Script----------------

18:12:18 INFO  : Context for processor 'ps7_cortexa9_0' is selected.
18:12:18 INFO  : 'con' command is executed.
18:12:18 INFO  : ----------------XSDB Script (After Launch)----------------
targets -set -nocase -filter {name =~ "ARM*#0" && jtag_cable_name =~ "Digilent JTAG-HS2 210241433911"} -index 0
con
----------------End of Script----------------

18:12:18 INFO  : Launch script is exported to file 'D:\My_Project\ZYNQ\MIO_Key\MIO_Key.sdk\.sdk\launch_scripts\xilinx_c-c++_application_(system_debugger)\system_debugger_using_debug_mio_key.elf_on_local.tcl'
18:27:37 INFO  : Disconnected from the channel tcfchan#5.
18:27:38 INFO  : Connected to target on host '127.0.0.1' and port '3121'.
18:27:38 INFO  : Jtag cable 'Digilent JTAG-HS2 210241433911' is selected.
18:27:38 INFO  : 'jtag frequency' command is executed.
18:27:38 INFO  : Sourcing of 'D:/My_Project/ZYNQ/MIO_Key/MIO_Key.sdk/Key_wrapper_hw_platform_0/ps7_init.tcl' is done.
18:27:38 INFO  : Context for 'APU' is selected.
18:27:39 INFO  : Hardware design information is loaded from 'D:/My_Project/ZYNQ/MIO_Key/MIO_Key.sdk/Key_wrapper_hw_platform_0/system.hdf'.
18:27:39 INFO  : 'configparams force-mem-access 1' command is executed.
18:27:39 INFO  : Context for 'APU' is selected.
18:27:39 INFO  : 'stop' command is executed.
18:27:39 INFO  : 'ps7_init' command is executed.
18:27:39 INFO  : 'ps7_post_config' command is executed.
18:27:39 INFO  : Context for processor 'ps7_cortexa9_0' is selected.
18:27:39 INFO  : Processor reset is completed for 'ps7_cortexa9_0'.
18:27:39 INFO  : Context for processor 'ps7_cortexa9_0' is selected.
18:27:39 INFO  : The application 'D:/My_Project/ZYNQ/MIO_Key/MIO_Key.sdk/Mio_Key/Debug/Mio_Key.elf' is downloaded to processor 'ps7_cortexa9_0'.
18:27:39 INFO  : 'configparams force-mem-access 0' command is executed.
18:27:39 INFO  : ----------------XSDB Script----------------
connect -url tcp:127.0.0.1:3121
source D:/My_Project/ZYNQ/MIO_Key/MIO_Key.sdk/Key_wrapper_hw_platform_0/ps7_init.tcl
targets -set -nocase -filter {name =~"APU*" && jtag_cable_name =~ "Digilent JTAG-HS2 210241433911"} -index 0
loadhw -hw D:/My_Project/ZYNQ/MIO_Key/MIO_Key.sdk/Key_wrapper_hw_platform_0/system.hdf -mem-ranges [list {0x40000000 0xbfffffff}]
configparams force-mem-access 1
targets -set -nocase -filter {name =~"APU*" && jtag_cable_name =~ "Digilent JTAG-HS2 210241433911"} -index 0
stop
ps7_init
ps7_post_config
targets -set -nocase -filter {name =~ "ARM*#0" && jtag_cable_name =~ "Digilent JTAG-HS2 210241433911"} -index 0
rst -processor
targets -set -nocase -filter {name =~ "ARM*#0" && jtag_cable_name =~ "Digilent JTAG-HS2 210241433911"} -index 0
dow D:/My_Project/ZYNQ/MIO_Key/MIO_Key.sdk/Mio_Key/Debug/Mio_Key.elf
configparams force-mem-access 0
----------------End of Script----------------

18:27:40 INFO  : Context for processor 'ps7_cortexa9_0' is selected.
18:27:40 INFO  : 'con' command is executed.
18:27:40 INFO  : ----------------XSDB Script (After Launch)----------------
targets -set -nocase -filter {name =~ "ARM*#0" && jtag_cable_name =~ "Digilent JTAG-HS2 210241433911"} -index 0
con
----------------End of Script----------------

18:27:40 INFO  : Launch script is exported to file 'D:\My_Project\ZYNQ\MIO_Key\MIO_Key.sdk\.sdk\launch_scripts\xilinx_c-c++_application_(system_debugger)\system_debugger_using_debug_mio_key.elf_on_local.tcl'
18:27:41 INFO  : Disconnected from the channel tcfchan#6.
18:27:43 INFO  : Connected to target on host '127.0.0.1' and port '3121'.
18:27:43 INFO  : Jtag cable 'Digilent JTAG-HS2 210241433911' is selected.
18:27:43 INFO  : 'jtag frequency' command is executed.
18:27:43 INFO  : Sourcing of 'D:/My_Project/ZYNQ/MIO_Key/MIO_Key.sdk/Key_wrapper_hw_platform_0/ps7_init.tcl' is done.
18:27:43 INFO  : Context for 'APU' is selected.
18:27:43 INFO  : Hardware design information is loaded from 'D:/My_Project/ZYNQ/MIO_Key/MIO_Key.sdk/Key_wrapper_hw_platform_0/system.hdf'.
18:27:43 INFO  : 'configparams force-mem-access 1' command is executed.
18:27:43 INFO  : Context for 'APU' is selected.
18:27:43 INFO  : 'stop' command is executed.
18:27:44 INFO  : 'ps7_init' command is executed.
18:27:44 INFO  : 'ps7_post_config' command is executed.
18:27:44 INFO  : Context for processor 'ps7_cortexa9_0' is selected.
18:27:44 INFO  : Processor reset is completed for 'ps7_cortexa9_0'.
18:27:44 INFO  : Context for processor 'ps7_cortexa9_0' is selected.
18:27:44 INFO  : The application 'D:/My_Project/ZYNQ/MIO_Key/MIO_Key.sdk/Mio_Key/Debug/Mio_Key.elf' is downloaded to processor 'ps7_cortexa9_0'.
18:27:44 INFO  : 'configparams force-mem-access 0' command is executed.
18:27:44 INFO  : ----------------XSDB Script----------------
connect -url tcp:127.0.0.1:3121
source D:/My_Project/ZYNQ/MIO_Key/MIO_Key.sdk/Key_wrapper_hw_platform_0/ps7_init.tcl
targets -set -nocase -filter {name =~"APU*" && jtag_cable_name =~ "Digilent JTAG-HS2 210241433911"} -index 0
loadhw -hw D:/My_Project/ZYNQ/MIO_Key/MIO_Key.sdk/Key_wrapper_hw_platform_0/system.hdf -mem-ranges [list {0x40000000 0xbfffffff}]
configparams force-mem-access 1
targets -set -nocase -filter {name =~"APU*" && jtag_cable_name =~ "Digilent JTAG-HS2 210241433911"} -index 0
stop
ps7_init
ps7_post_config
targets -set -nocase -filter {name =~ "ARM*#0" && jtag_cable_name =~ "Digilent JTAG-HS2 210241433911"} -index 0
rst -processor
targets -set -nocase -filter {name =~ "ARM*#0" && jtag_cable_name =~ "Digilent JTAG-HS2 210241433911"} -index 0
dow D:/My_Project/ZYNQ/MIO_Key/MIO_Key.sdk/Mio_Key/Debug/Mio_Key.elf
configparams force-mem-access 0
----------------End of Script----------------

18:27:44 INFO  : Context for processor 'ps7_cortexa9_0' is selected.
18:27:44 INFO  : 'con' command is executed.
18:27:44 INFO  : ----------------XSDB Script (After Launch)----------------
targets -set -nocase -filter {name =~ "ARM*#0" && jtag_cable_name =~ "Digilent JTAG-HS2 210241433911"} -index 0
con
----------------End of Script----------------

18:27:44 INFO  : Launch script is exported to file 'D:\My_Project\ZYNQ\MIO_Key\MIO_Key.sdk\.sdk\launch_scripts\xilinx_c-c++_application_(system_debugger)\system_debugger_using_debug_mio_key.elf_on_local.tcl'
18:27:50 INFO  : Disconnected from the channel tcfchan#7.
18:27:51 INFO  : Connected to target on host '127.0.0.1' and port '3121'.
18:27:51 INFO  : Jtag cable 'Digilent JTAG-HS2 210241433911' is selected.
18:27:51 INFO  : 'jtag frequency' command is executed.
18:27:51 INFO  : Sourcing of 'D:/My_Project/ZYNQ/MIO_Key/MIO_Key.sdk/Key_wrapper_hw_platform_0/ps7_init.tcl' is done.
18:27:51 INFO  : Context for 'APU' is selected.
18:27:52 INFO  : Hardware design information is loaded from 'D:/My_Project/ZYNQ/MIO_Key/MIO_Key.sdk/Key_wrapper_hw_platform_0/system.hdf'.
18:27:52 INFO  : 'configparams force-mem-access 1' command is executed.
18:27:52 INFO  : Context for 'APU' is selected.
18:27:52 INFO  : 'stop' command is executed.
18:27:52 INFO  : 'ps7_init' command is executed.
18:27:52 INFO  : 'ps7_post_config' command is executed.
18:27:52 INFO  : Context for processor 'ps7_cortexa9_0' is selected.
18:27:52 INFO  : Processor reset is completed for 'ps7_cortexa9_0'.
18:27:52 INFO  : Context for processor 'ps7_cortexa9_0' is selected.
18:27:52 INFO  : The application 'D:/My_Project/ZYNQ/MIO_Key/MIO_Key.sdk/Mio_Key/Debug/Mio_Key.elf' is downloaded to processor 'ps7_cortexa9_0'.
18:27:52 INFO  : 'configparams force-mem-access 0' command is executed.
18:27:52 INFO  : ----------------XSDB Script----------------
connect -url tcp:127.0.0.1:3121
source D:/My_Project/ZYNQ/MIO_Key/MIO_Key.sdk/Key_wrapper_hw_platform_0/ps7_init.tcl
targets -set -nocase -filter {name =~"APU*" && jtag_cable_name =~ "Digilent JTAG-HS2 210241433911"} -index 0
loadhw -hw D:/My_Project/ZYNQ/MIO_Key/MIO_Key.sdk/Key_wrapper_hw_platform_0/system.hdf -mem-ranges [list {0x40000000 0xbfffffff}]
configparams force-mem-access 1
targets -set -nocase -filter {name =~"APU*" && jtag_cable_name =~ "Digilent JTAG-HS2 210241433911"} -index 0
stop
ps7_init
ps7_post_config
targets -set -nocase -filter {name =~ "ARM*#0" && jtag_cable_name =~ "Digilent JTAG-HS2 210241433911"} -index 0
rst -processor
targets -set -nocase -filter {name =~ "ARM*#0" && jtag_cable_name =~ "Digilent JTAG-HS2 210241433911"} -index 0
dow D:/My_Project/ZYNQ/MIO_Key/MIO_Key.sdk/Mio_Key/Debug/Mio_Key.elf
configparams force-mem-access 0
----------------End of Script----------------

18:27:53 INFO  : Context for processor 'ps7_cortexa9_0' is selected.
18:27:53 INFO  : 'con' command is executed.
18:27:53 INFO  : ----------------XSDB Script (After Launch)----------------
targets -set -nocase -filter {name =~ "ARM*#0" && jtag_cable_name =~ "Digilent JTAG-HS2 210241433911"} -index 0
con
----------------End of Script----------------

18:27:53 INFO  : Launch script is exported to file 'D:\My_Project\ZYNQ\MIO_Key\MIO_Key.sdk\.sdk\launch_scripts\xilinx_c-c++_application_(system_debugger)\system_debugger_using_debug_mio_key.elf_on_local.tcl'
18:30:39 INFO  : Disconnected from the channel tcfchan#8.
18:30:40 INFO  : Connected to target on host '127.0.0.1' and port '3121'.
18:30:40 INFO  : Jtag cable 'Digilent JTAG-HS2 210241433911' is selected.
18:30:40 INFO  : 'jtag frequency' command is executed.
18:30:40 INFO  : Sourcing of 'D:/My_Project/ZYNQ/MIO_Key/MIO_Key.sdk/Key_wrapper_hw_platform_0/ps7_init.tcl' is done.
18:30:40 INFO  : Context for 'APU' is selected.
18:30:41 INFO  : Hardware design information is loaded from 'D:/My_Project/ZYNQ/MIO_Key/MIO_Key.sdk/Key_wrapper_hw_platform_0/system.hdf'.
18:30:41 INFO  : 'configparams force-mem-access 1' command is executed.
18:30:41 INFO  : Context for 'APU' is selected.
18:30:41 INFO  : 'stop' command is executed.
18:30:41 INFO  : 'ps7_init' command is executed.
18:30:41 INFO  : 'ps7_post_config' command is executed.
18:30:41 INFO  : Context for processor 'ps7_cortexa9_0' is selected.
18:30:41 INFO  : Processor reset is completed for 'ps7_cortexa9_0'.
18:30:41 INFO  : Context for processor 'ps7_cortexa9_0' is selected.
18:30:41 INFO  : The application 'D:/My_Project/ZYNQ/MIO_Key/MIO_Key.sdk/Mio_Key/Debug/Mio_Key.elf' is downloaded to processor 'ps7_cortexa9_0'.
18:30:41 INFO  : 'configparams force-mem-access 0' command is executed.
18:30:41 INFO  : ----------------XSDB Script----------------
connect -url tcp:127.0.0.1:3121
source D:/My_Project/ZYNQ/MIO_Key/MIO_Key.sdk/Key_wrapper_hw_platform_0/ps7_init.tcl
targets -set -nocase -filter {name =~"APU*" && jtag_cable_name =~ "Digilent JTAG-HS2 210241433911"} -index 0
loadhw -hw D:/My_Project/ZYNQ/MIO_Key/MIO_Key.sdk/Key_wrapper_hw_platform_0/system.hdf -mem-ranges [list {0x40000000 0xbfffffff}]
configparams force-mem-access 1
targets -set -nocase -filter {name =~"APU*" && jtag_cable_name =~ "Digilent JTAG-HS2 210241433911"} -index 0
stop
ps7_init
ps7_post_config
targets -set -nocase -filter {name =~ "ARM*#0" && jtag_cable_name =~ "Digilent JTAG-HS2 210241433911"} -index 0
rst -processor
targets -set -nocase -filter {name =~ "ARM*#0" && jtag_cable_name =~ "Digilent JTAG-HS2 210241433911"} -index 0
dow D:/My_Project/ZYNQ/MIO_Key/MIO_Key.sdk/Mio_Key/Debug/Mio_Key.elf
configparams force-mem-access 0
----------------End of Script----------------

18:30:41 INFO  : Context for processor 'ps7_cortexa9_0' is selected.
18:30:41 INFO  : 'con' command is executed.
18:30:41 INFO  : ----------------XSDB Script (After Launch)----------------
targets -set -nocase -filter {name =~ "ARM*#0" && jtag_cable_name =~ "Digilent JTAG-HS2 210241433911"} -index 0
con
----------------End of Script----------------

18:30:41 INFO  : Launch script is exported to file 'D:\My_Project\ZYNQ\MIO_Key\MIO_Key.sdk\.sdk\launch_scripts\xilinx_c-c++_application_(system_debugger)\system_debugger_using_debug_mio_key.elf_on_local.tcl'
18:31:17 INFO  : Disconnected from the channel tcfchan#9.
18:31:18 INFO  : Connected to target on host '127.0.0.1' and port '3121'.
18:31:18 INFO  : Jtag cable 'Digilent JTAG-HS2 210241433911' is selected.
18:31:18 INFO  : 'jtag frequency' command is executed.
18:31:18 INFO  : Sourcing of 'D:/My_Project/ZYNQ/MIO_Key/MIO_Key.sdk/Key_wrapper_hw_platform_0/ps7_init.tcl' is done.
18:31:18 INFO  : Context for 'APU' is selected.
18:31:19 INFO  : Hardware design information is loaded from 'D:/My_Project/ZYNQ/MIO_Key/MIO_Key.sdk/Key_wrapper_hw_platform_0/system.hdf'.
18:31:19 INFO  : 'configparams force-mem-access 1' command is executed.
18:31:19 INFO  : Context for 'APU' is selected.
18:31:19 INFO  : 'stop' command is executed.
18:31:19 INFO  : 'ps7_init' command is executed.
18:31:19 INFO  : 'ps7_post_config' command is executed.
18:31:19 INFO  : Context for processor 'ps7_cortexa9_0' is selected.
18:31:19 INFO  : Processor reset is completed for 'ps7_cortexa9_0'.
18:31:19 INFO  : Context for processor 'ps7_cortexa9_0' is selected.
18:31:19 INFO  : The application 'D:/My_Project/ZYNQ/MIO_Key/MIO_Key.sdk/Mio_Key/Debug/Mio_Key.elf' is downloaded to processor 'ps7_cortexa9_0'.
18:31:19 INFO  : 'configparams force-mem-access 0' command is executed.
18:31:19 INFO  : ----------------XSDB Script----------------
connect -url tcp:127.0.0.1:3121
source D:/My_Project/ZYNQ/MIO_Key/MIO_Key.sdk/Key_wrapper_hw_platform_0/ps7_init.tcl
targets -set -nocase -filter {name =~"APU*" && jtag_cable_name =~ "Digilent JTAG-HS2 210241433911"} -index 0
loadhw -hw D:/My_Project/ZYNQ/MIO_Key/MIO_Key.sdk/Key_wrapper_hw_platform_0/system.hdf -mem-ranges [list {0x40000000 0xbfffffff}]
configparams force-mem-access 1
targets -set -nocase -filter {name =~"APU*" && jtag_cable_name =~ "Digilent JTAG-HS2 210241433911"} -index 0
stop
ps7_init
ps7_post_config
targets -set -nocase -filter {name =~ "ARM*#0" && jtag_cable_name =~ "Digilent JTAG-HS2 210241433911"} -index 0
rst -processor
targets -set -nocase -filter {name =~ "ARM*#0" && jtag_cable_name =~ "Digilent JTAG-HS2 210241433911"} -index 0
dow D:/My_Project/ZYNQ/MIO_Key/MIO_Key.sdk/Mio_Key/Debug/Mio_Key.elf
configparams force-mem-access 0
----------------End of Script----------------

18:31:19 INFO  : Context for processor 'ps7_cortexa9_0' is selected.
18:31:19 INFO  : 'con' command is executed.
18:31:19 INFO  : ----------------XSDB Script (After Launch)----------------
targets -set -nocase -filter {name =~ "ARM*#0" && jtag_cable_name =~ "Digilent JTAG-HS2 210241433911"} -index 0
con
----------------End of Script----------------

18:31:19 INFO  : Launch script is exported to file 'D:\My_Project\ZYNQ\MIO_Key\MIO_Key.sdk\.sdk\launch_scripts\xilinx_c-c++_application_(system_debugger)\system_debugger_using_debug_mio_key.elf_on_local.tcl'
18:32:42 INFO  : Disconnected from the channel tcfchan#10.
18:32:43 INFO  : Connected to target on host '127.0.0.1' and port '3121'.
18:32:43 INFO  : Jtag cable 'Digilent JTAG-HS2 210241433911' is selected.
18:32:43 INFO  : 'jtag frequency' command is executed.
18:32:43 INFO  : Sourcing of 'D:/My_Project/ZYNQ/MIO_Key/MIO_Key.sdk/Key_wrapper_hw_platform_0/ps7_init.tcl' is done.
18:32:43 INFO  : Context for 'APU' is selected.
18:32:44 INFO  : Hardware design information is loaded from 'D:/My_Project/ZYNQ/MIO_Key/MIO_Key.sdk/Key_wrapper_hw_platform_0/system.hdf'.
18:32:44 INFO  : 'configparams force-mem-access 1' command is executed.
18:32:44 INFO  : Context for 'APU' is selected.
18:32:44 INFO  : 'stop' command is executed.
18:32:44 INFO  : 'ps7_init' command is executed.
18:32:44 INFO  : 'ps7_post_config' command is executed.
18:32:44 INFO  : Context for processor 'ps7_cortexa9_0' is selected.
18:32:44 INFO  : Processor reset is completed for 'ps7_cortexa9_0'.
18:32:44 INFO  : Context for processor 'ps7_cortexa9_0' is selected.
18:32:44 INFO  : The application 'D:/My_Project/ZYNQ/MIO_Key/MIO_Key.sdk/Mio_Key/Debug/Mio_Key.elf' is downloaded to processor 'ps7_cortexa9_0'.
18:32:44 INFO  : 'configparams force-mem-access 0' command is executed.
18:32:44 INFO  : ----------------XSDB Script----------------
connect -url tcp:127.0.0.1:3121
source D:/My_Project/ZYNQ/MIO_Key/MIO_Key.sdk/Key_wrapper_hw_platform_0/ps7_init.tcl
targets -set -nocase -filter {name =~"APU*" && jtag_cable_name =~ "Digilent JTAG-HS2 210241433911"} -index 0
loadhw -hw D:/My_Project/ZYNQ/MIO_Key/MIO_Key.sdk/Key_wrapper_hw_platform_0/system.hdf -mem-ranges [list {0x40000000 0xbfffffff}]
configparams force-mem-access 1
targets -set -nocase -filter {name =~"APU*" && jtag_cable_name =~ "Digilent JTAG-HS2 210241433911"} -index 0
stop
ps7_init
ps7_post_config
targets -set -nocase -filter {name =~ "ARM*#0" && jtag_cable_name =~ "Digilent JTAG-HS2 210241433911"} -index 0
rst -processor
targets -set -nocase -filter {name =~ "ARM*#0" && jtag_cable_name =~ "Digilent JTAG-HS2 210241433911"} -index 0
dow D:/My_Project/ZYNQ/MIO_Key/MIO_Key.sdk/Mio_Key/Debug/Mio_Key.elf
configparams force-mem-access 0
----------------End of Script----------------

18:32:45 INFO  : Context for processor 'ps7_cortexa9_0' is selected.
18:32:45 INFO  : 'con' command is executed.
18:32:45 INFO  : ----------------XSDB Script (After Launch)----------------
targets -set -nocase -filter {name =~ "ARM*#0" && jtag_cable_name =~ "Digilent JTAG-HS2 210241433911"} -index 0
con
----------------End of Script----------------

18:32:45 INFO  : Launch script is exported to file 'D:\My_Project\ZYNQ\MIO_Key\MIO_Key.sdk\.sdk\launch_scripts\xilinx_c-c++_application_(system_debugger)\system_debugger_using_debug_mio_key.elf_on_local.tcl'
18:33:22 INFO  : Disconnected from the channel tcfchan#11.
18:33:23 INFO  : Connected to target on host '127.0.0.1' and port '3121'.
18:33:23 INFO  : Jtag cable 'Digilent JTAG-HS2 210241433911' is selected.
18:33:23 INFO  : 'jtag frequency' command is executed.
18:33:23 INFO  : Sourcing of 'D:/My_Project/ZYNQ/MIO_Key/MIO_Key.sdk/Key_wrapper_hw_platform_0/ps7_init.tcl' is done.
18:33:23 INFO  : Context for 'APU' is selected.
18:33:24 INFO  : Hardware design information is loaded from 'D:/My_Project/ZYNQ/MIO_Key/MIO_Key.sdk/Key_wrapper_hw_platform_0/system.hdf'.
18:33:24 INFO  : 'configparams force-mem-access 1' command is executed.
18:33:24 INFO  : Context for 'APU' is selected.
18:33:24 INFO  : 'stop' command is executed.
18:33:24 INFO  : 'ps7_init' command is executed.
18:33:24 INFO  : 'ps7_post_config' command is executed.
18:33:24 INFO  : Context for processor 'ps7_cortexa9_0' is selected.
18:33:24 INFO  : Processor reset is completed for 'ps7_cortexa9_0'.
18:33:24 INFO  : Context for processor 'ps7_cortexa9_0' is selected.
18:33:25 INFO  : The application 'D:/My_Project/ZYNQ/MIO_Key/MIO_Key.sdk/Mio_Key/Debug/Mio_Key.elf' is downloaded to processor 'ps7_cortexa9_0'.
18:33:25 INFO  : 'configparams force-mem-access 0' command is executed.
18:33:25 INFO  : ----------------XSDB Script----------------
connect -url tcp:127.0.0.1:3121
source D:/My_Project/ZYNQ/MIO_Key/MIO_Key.sdk/Key_wrapper_hw_platform_0/ps7_init.tcl
targets -set -nocase -filter {name =~"APU*" && jtag_cable_name =~ "Digilent JTAG-HS2 210241433911"} -index 0
loadhw -hw D:/My_Project/ZYNQ/MIO_Key/MIO_Key.sdk/Key_wrapper_hw_platform_0/system.hdf -mem-ranges [list {0x40000000 0xbfffffff}]
configparams force-mem-access 1
targets -set -nocase -filter {name =~"APU*" && jtag_cable_name =~ "Digilent JTAG-HS2 210241433911"} -index 0
stop
ps7_init
ps7_post_config
targets -set -nocase -filter {name =~ "ARM*#0" && jtag_cable_name =~ "Digilent JTAG-HS2 210241433911"} -index 0
rst -processor
targets -set -nocase -filter {name =~ "ARM*#0" && jtag_cable_name =~ "Digilent JTAG-HS2 210241433911"} -index 0
dow D:/My_Project/ZYNQ/MIO_Key/MIO_Key.sdk/Mio_Key/Debug/Mio_Key.elf
configparams force-mem-access 0
----------------End of Script----------------

18:33:25 INFO  : Context for processor 'ps7_cortexa9_0' is selected.
18:33:25 INFO  : 'con' command is executed.
18:33:25 INFO  : ----------------XSDB Script (After Launch)----------------
targets -set -nocase -filter {name =~ "ARM*#0" && jtag_cable_name =~ "Digilent JTAG-HS2 210241433911"} -index 0
con
----------------End of Script----------------

18:33:25 INFO  : Launch script is exported to file 'D:\My_Project\ZYNQ\MIO_Key\MIO_Key.sdk\.sdk\launch_scripts\xilinx_c-c++_application_(system_debugger)\system_debugger_using_debug_mio_key.elf_on_local.tcl'
18:34:17 INFO  : Disconnected from the channel tcfchan#12.
18:34:18 INFO  : Connected to target on host '127.0.0.1' and port '3121'.
18:34:27 INFO  : ----------------XSDB Script----------------
connect -url tcp:127.0.0.1:3121
----------------End of Script----------------

18:34:35 INFO  : Connected to target on host '127.0.0.1' and port '3121'.
18:34:35 INFO  : Jtag cable 'Digilent JTAG-HS2 210241433911' is selected.
18:34:35 INFO  : 'jtag frequency' command is executed.
18:34:35 INFO  : Sourcing of 'D:/My_Project/ZYNQ/MIO_Key/MIO_Key.sdk/Key_wrapper_hw_platform_0/ps7_init.tcl' is done.
18:34:35 INFO  : Context for 'APU' is selected.
18:34:36 INFO  : Hardware design information is loaded from 'D:/My_Project/ZYNQ/MIO_Key/MIO_Key.sdk/Key_wrapper_hw_platform_0/system.hdf'.
18:34:36 INFO  : 'configparams force-mem-access 1' command is executed.
18:34:36 INFO  : Context for 'APU' is selected.
18:34:36 INFO  : 'stop' command is executed.
18:34:36 INFO  : 'ps7_init' command is executed.
18:34:36 INFO  : 'ps7_post_config' command is executed.
18:34:36 INFO  : Context for processor 'ps7_cortexa9_0' is selected.
18:34:36 INFO  : Processor reset is completed for 'ps7_cortexa9_0'.
18:34:36 INFO  : Context for processor 'ps7_cortexa9_0' is selected.
18:34:36 INFO  : The application 'D:/My_Project/ZYNQ/MIO_Key/MIO_Key.sdk/Mio_Key/Debug/Mio_Key.elf' is downloaded to processor 'ps7_cortexa9_0'.
18:34:36 INFO  : 'configparams force-mem-access 0' command is executed.
18:34:36 INFO  : ----------------XSDB Script----------------
connect -url tcp:127.0.0.1:3121
source D:/My_Project/ZYNQ/MIO_Key/MIO_Key.sdk/Key_wrapper_hw_platform_0/ps7_init.tcl
targets -set -nocase -filter {name =~"APU*" && jtag_cable_name =~ "Digilent JTAG-HS2 210241433911"} -index 0
loadhw -hw D:/My_Project/ZYNQ/MIO_Key/MIO_Key.sdk/Key_wrapper_hw_platform_0/system.hdf -mem-ranges [list {0x40000000 0xbfffffff}]
configparams force-mem-access 1
targets -set -nocase -filter {name =~"APU*" && jtag_cable_name =~ "Digilent JTAG-HS2 210241433911"} -index 0
stop
ps7_init
ps7_post_config
targets -set -nocase -filter {name =~ "ARM*#0" && jtag_cable_name =~ "Digilent JTAG-HS2 210241433911"} -index 0
rst -processor
targets -set -nocase -filter {name =~ "ARM*#0" && jtag_cable_name =~ "Digilent JTAG-HS2 210241433911"} -index 0
dow D:/My_Project/ZYNQ/MIO_Key/MIO_Key.sdk/Mio_Key/Debug/Mio_Key.elf
configparams force-mem-access 0
----------------End of Script----------------

18:34:36 INFO  : Context for processor 'ps7_cortexa9_0' is selected.
18:34:36 INFO  : 'con' command is executed.
18:34:36 INFO  : ----------------XSDB Script (After Launch)----------------
targets -set -nocase -filter {name =~ "ARM*#0" && jtag_cable_name =~ "Digilent JTAG-HS2 210241433911"} -index 0
con
----------------End of Script----------------

18:34:36 INFO  : Launch script is exported to file 'D:\My_Project\ZYNQ\MIO_Key\MIO_Key.sdk\.sdk\launch_scripts\xilinx_c-c++_application_(system_debugger)\system_debugger_using_debug_mio_key.elf_on_local.tcl'
18:35:18 INFO  : Disconnected from the channel tcfchan#13.
18:35:20 INFO  : Connected to target on host '127.0.0.1' and port '3121'.
18:35:20 INFO  : Jtag cable 'Digilent JTAG-HS2 210241433911' is selected.
18:35:20 INFO  : 'jtag frequency' command is executed.
18:35:20 INFO  : Sourcing of 'D:/My_Project/ZYNQ/MIO_Key/MIO_Key.sdk/Key_wrapper_hw_platform_0/ps7_init.tcl' is done.
18:35:20 INFO  : Context for 'APU' is selected.
18:35:20 INFO  : Hardware design information is loaded from 'D:/My_Project/ZYNQ/MIO_Key/MIO_Key.sdk/Key_wrapper_hw_platform_0/system.hdf'.
18:35:20 INFO  : 'configparams force-mem-access 1' command is executed.
18:35:20 INFO  : Context for 'APU' is selected.
18:35:20 INFO  : 'stop' command is executed.
18:35:21 INFO  : 'ps7_init' command is executed.
18:35:21 INFO  : 'ps7_post_config' command is executed.
18:35:21 INFO  : Context for processor 'ps7_cortexa9_0' is selected.
18:35:21 INFO  : Processor reset is completed for 'ps7_cortexa9_0'.
18:35:21 INFO  : Context for processor 'ps7_cortexa9_0' is selected.
18:35:21 INFO  : The application 'D:/My_Project/ZYNQ/MIO_Key/MIO_Key.sdk/Mio_Key/Debug/Mio_Key.elf' is downloaded to processor 'ps7_cortexa9_0'.
18:35:21 INFO  : 'configparams force-mem-access 0' command is executed.
18:35:21 INFO  : ----------------XSDB Script----------------
connect -url tcp:127.0.0.1:3121
source D:/My_Project/ZYNQ/MIO_Key/MIO_Key.sdk/Key_wrapper_hw_platform_0/ps7_init.tcl
targets -set -nocase -filter {name =~"APU*" && jtag_cable_name =~ "Digilent JTAG-HS2 210241433911"} -index 0
loadhw -hw D:/My_Project/ZYNQ/MIO_Key/MIO_Key.sdk/Key_wrapper_hw_platform_0/system.hdf -mem-ranges [list {0x40000000 0xbfffffff}]
configparams force-mem-access 1
targets -set -nocase -filter {name =~"APU*" && jtag_cable_name =~ "Digilent JTAG-HS2 210241433911"} -index 0
stop
ps7_init
ps7_post_config
targets -set -nocase -filter {name =~ "ARM*#0" && jtag_cable_name =~ "Digilent JTAG-HS2 210241433911"} -index 0
rst -processor
targets -set -nocase -filter {name =~ "ARM*#0" && jtag_cable_name =~ "Digilent JTAG-HS2 210241433911"} -index 0
dow D:/My_Project/ZYNQ/MIO_Key/MIO_Key.sdk/Mio_Key/Debug/Mio_Key.elf
configparams force-mem-access 0
----------------End of Script----------------

18:35:21 INFO  : Context for processor 'ps7_cortexa9_0' is selected.
18:35:21 INFO  : 'con' command is executed.
18:35:21 INFO  : ----------------XSDB Script (After Launch)----------------
targets -set -nocase -filter {name =~ "ARM*#0" && jtag_cable_name =~ "Digilent JTAG-HS2 210241433911"} -index 0
con
----------------End of Script----------------

18:35:21 INFO  : Launch script is exported to file 'D:\My_Project\ZYNQ\MIO_Key\MIO_Key.sdk\.sdk\launch_scripts\xilinx_c-c++_application_(system_debugger)\system_debugger_using_debug_mio_key.elf_on_local.tcl'
18:35:38 INFO  : Disconnected from the channel tcfchan#14.
18:35:39 INFO  : Connected to target on host '127.0.0.1' and port '3121'.
18:35:39 INFO  : Jtag cable 'Digilent JTAG-HS2 210241433911' is selected.
18:35:39 INFO  : 'jtag frequency' command is executed.
18:35:39 INFO  : Sourcing of 'D:/My_Project/ZYNQ/MIO_Key/MIO_Key.sdk/Key_wrapper_hw_platform_0/ps7_init.tcl' is done.
18:35:39 INFO  : Context for 'APU' is selected.
18:35:40 INFO  : Hardware design information is loaded from 'D:/My_Project/ZYNQ/MIO_Key/MIO_Key.sdk/Key_wrapper_hw_platform_0/system.hdf'.
18:35:40 INFO  : 'configparams force-mem-access 1' command is executed.
18:35:40 INFO  : Context for 'APU' is selected.
18:35:40 INFO  : 'stop' command is executed.
18:35:40 INFO  : 'ps7_init' command is executed.
18:35:40 INFO  : 'ps7_post_config' command is executed.
18:35:40 INFO  : Context for processor 'ps7_cortexa9_0' is selected.
18:35:40 INFO  : Processor reset is completed for 'ps7_cortexa9_0'.
18:35:40 INFO  : Context for processor 'ps7_cortexa9_0' is selected.
18:35:40 INFO  : The application 'D:/My_Project/ZYNQ/MIO_Key/MIO_Key.sdk/Mio_Key/Debug/Mio_Key.elf' is downloaded to processor 'ps7_cortexa9_0'.
18:35:40 INFO  : 'configparams force-mem-access 0' command is executed.
18:35:40 INFO  : ----------------XSDB Script----------------
connect -url tcp:127.0.0.1:3121
source D:/My_Project/ZYNQ/MIO_Key/MIO_Key.sdk/Key_wrapper_hw_platform_0/ps7_init.tcl
targets -set -nocase -filter {name =~"APU*" && jtag_cable_name =~ "Digilent JTAG-HS2 210241433911"} -index 0
loadhw -hw D:/My_Project/ZYNQ/MIO_Key/MIO_Key.sdk/Key_wrapper_hw_platform_0/system.hdf -mem-ranges [list {0x40000000 0xbfffffff}]
configparams force-mem-access 1
targets -set -nocase -filter {name =~"APU*" && jtag_cable_name =~ "Digilent JTAG-HS2 210241433911"} -index 0
stop
ps7_init
ps7_post_config
targets -set -nocase -filter {name =~ "ARM*#0" && jtag_cable_name =~ "Digilent JTAG-HS2 210241433911"} -index 0
rst -processor
targets -set -nocase -filter {name =~ "ARM*#0" && jtag_cable_name =~ "Digilent JTAG-HS2 210241433911"} -index 0
dow D:/My_Project/ZYNQ/MIO_Key/MIO_Key.sdk/Mio_Key/Debug/Mio_Key.elf
configparams force-mem-access 0
----------------End of Script----------------

18:35:41 INFO  : Context for processor 'ps7_cortexa9_0' is selected.
18:35:41 INFO  : 'con' command is executed.
18:35:41 INFO  : ----------------XSDB Script (After Launch)----------------
targets -set -nocase -filter {name =~ "ARM*#0" && jtag_cable_name =~ "Digilent JTAG-HS2 210241433911"} -index 0
con
----------------End of Script----------------

18:35:41 INFO  : Launch script is exported to file 'D:\My_Project\ZYNQ\MIO_Key\MIO_Key.sdk\.sdk\launch_scripts\xilinx_c-c++_application_(system_debugger)\system_debugger_using_debug_mio_key.elf_on_local.tcl'
18:36:13 INFO  : Disconnected from the channel tcfchan#15.
18:36:14 INFO  : Connected to target on host '127.0.0.1' and port '3121'.
18:36:14 INFO  : Jtag cable 'Digilent JTAG-HS2 210241433911' is selected.
18:36:14 INFO  : 'jtag frequency' command is executed.
18:36:14 INFO  : Sourcing of 'D:/My_Project/ZYNQ/MIO_Key/MIO_Key.sdk/Key_wrapper_hw_platform_0/ps7_init.tcl' is done.
18:36:14 INFO  : Context for 'APU' is selected.
18:36:15 INFO  : Hardware design information is loaded from 'D:/My_Project/ZYNQ/MIO_Key/MIO_Key.sdk/Key_wrapper_hw_platform_0/system.hdf'.
18:36:15 INFO  : 'configparams force-mem-access 1' command is executed.
18:36:15 INFO  : Context for 'APU' is selected.
18:36:15 INFO  : 'stop' command is executed.
18:36:15 INFO  : 'ps7_init' command is executed.
18:36:15 INFO  : 'ps7_post_config' command is executed.
18:36:15 INFO  : Context for processor 'ps7_cortexa9_0' is selected.
18:36:15 INFO  : Processor reset is completed for 'ps7_cortexa9_0'.
18:36:15 INFO  : Context for processor 'ps7_cortexa9_0' is selected.
18:36:15 INFO  : The application 'D:/My_Project/ZYNQ/MIO_Key/MIO_Key.sdk/Mio_Key/Debug/Mio_Key.elf' is downloaded to processor 'ps7_cortexa9_0'.
18:36:15 INFO  : 'configparams force-mem-access 0' command is executed.
18:36:15 INFO  : ----------------XSDB Script----------------
connect -url tcp:127.0.0.1:3121
source D:/My_Project/ZYNQ/MIO_Key/MIO_Key.sdk/Key_wrapper_hw_platform_0/ps7_init.tcl
targets -set -nocase -filter {name =~"APU*" && jtag_cable_name =~ "Digilent JTAG-HS2 210241433911"} -index 0
loadhw -hw D:/My_Project/ZYNQ/MIO_Key/MIO_Key.sdk/Key_wrapper_hw_platform_0/system.hdf -mem-ranges [list {0x40000000 0xbfffffff}]
configparams force-mem-access 1
targets -set -nocase -filter {name =~"APU*" && jtag_cable_name =~ "Digilent JTAG-HS2 210241433911"} -index 0
stop
ps7_init
ps7_post_config
targets -set -nocase -filter {name =~ "ARM*#0" && jtag_cable_name =~ "Digilent JTAG-HS2 210241433911"} -index 0
rst -processor
targets -set -nocase -filter {name =~ "ARM*#0" && jtag_cable_name =~ "Digilent JTAG-HS2 210241433911"} -index 0
dow D:/My_Project/ZYNQ/MIO_Key/MIO_Key.sdk/Mio_Key/Debug/Mio_Key.elf
configparams force-mem-access 0
----------------End of Script----------------

18:36:15 INFO  : Context for processor 'ps7_cortexa9_0' is selected.
18:36:15 INFO  : 'con' command is executed.
18:36:15 INFO  : ----------------XSDB Script (After Launch)----------------
targets -set -nocase -filter {name =~ "ARM*#0" && jtag_cable_name =~ "Digilent JTAG-HS2 210241433911"} -index 0
con
----------------End of Script----------------

18:36:15 INFO  : Launch script is exported to file 'D:\My_Project\ZYNQ\MIO_Key\MIO_Key.sdk\.sdk\launch_scripts\xilinx_c-c++_application_(system_debugger)\system_debugger_using_debug_mio_key.elf_on_local.tcl'
18:36:22 INFO  : Disconnected from the channel tcfchan#16.
18:36:23 INFO  : Connected to target on host '127.0.0.1' and port '3121'.
18:36:23 INFO  : Jtag cable 'Digilent JTAG-HS2 210241433911' is selected.
18:36:23 INFO  : 'jtag frequency' command is executed.
18:36:23 INFO  : Sourcing of 'D:/My_Project/ZYNQ/MIO_Key/MIO_Key.sdk/Key_wrapper_hw_platform_0/ps7_init.tcl' is done.
18:36:23 INFO  : Context for 'APU' is selected.
18:36:24 INFO  : Hardware design information is loaded from 'D:/My_Project/ZYNQ/MIO_Key/MIO_Key.sdk/Key_wrapper_hw_platform_0/system.hdf'.
18:36:24 INFO  : 'configparams force-mem-access 1' command is executed.
18:36:24 INFO  : Context for 'APU' is selected.
18:36:24 INFO  : 'stop' command is executed.
18:36:24 INFO  : 'ps7_init' command is executed.
18:36:24 INFO  : 'ps7_post_config' command is executed.
18:36:24 INFO  : Context for processor 'ps7_cortexa9_0' is selected.
18:36:24 INFO  : Processor reset is completed for 'ps7_cortexa9_0'.
18:36:24 INFO  : Context for processor 'ps7_cortexa9_0' is selected.
18:36:24 INFO  : The application 'D:/My_Project/ZYNQ/MIO_Key/MIO_Key.sdk/Mio_Key/Debug/Mio_Key.elf' is downloaded to processor 'ps7_cortexa9_0'.
18:36:24 INFO  : 'configparams force-mem-access 0' command is executed.
18:36:24 INFO  : ----------------XSDB Script----------------
connect -url tcp:127.0.0.1:3121
source D:/My_Project/ZYNQ/MIO_Key/MIO_Key.sdk/Key_wrapper_hw_platform_0/ps7_init.tcl
targets -set -nocase -filter {name =~"APU*" && jtag_cable_name =~ "Digilent JTAG-HS2 210241433911"} -index 0
loadhw -hw D:/My_Project/ZYNQ/MIO_Key/MIO_Key.sdk/Key_wrapper_hw_platform_0/system.hdf -mem-ranges [list {0x40000000 0xbfffffff}]
configparams force-mem-access 1
targets -set -nocase -filter {name =~"APU*" && jtag_cable_name =~ "Digilent JTAG-HS2 210241433911"} -index 0
stop
ps7_init
ps7_post_config
targets -set -nocase -filter {name =~ "ARM*#0" && jtag_cable_name =~ "Digilent JTAG-HS2 210241433911"} -index 0
rst -processor
targets -set -nocase -filter {name =~ "ARM*#0" && jtag_cable_name =~ "Digilent JTAG-HS2 210241433911"} -index 0
dow D:/My_Project/ZYNQ/MIO_Key/MIO_Key.sdk/Mio_Key/Debug/Mio_Key.elf
configparams force-mem-access 0
----------------End of Script----------------

18:36:24 INFO  : Context for processor 'ps7_cortexa9_0' is selected.
18:36:24 INFO  : 'con' command is executed.
18:36:24 INFO  : ----------------XSDB Script (After Launch)----------------
targets -set -nocase -filter {name =~ "ARM*#0" && jtag_cable_name =~ "Digilent JTAG-HS2 210241433911"} -index 0
con
----------------End of Script----------------

18:36:24 INFO  : Launch script is exported to file 'D:\My_Project\ZYNQ\MIO_Key\MIO_Key.sdk\.sdk\launch_scripts\xilinx_c-c++_application_(system_debugger)\system_debugger_using_debug_mio_key.elf_on_local.tcl'
